<?xml version="1.0" encoding="UTF-8"?>
<!-- Generated by org.testng.reporters.JUnitReportReporter -->
<testsuite hostname="liangdeMacBook-Pro.local" name="com.young.appiumcombat.testcases.ios.taxguide.IOS_TaxGuidePage_001_UiCheck_test" tests="8" failures="1" timestamp="27 May 2017 10:37:59 GMT" time="280.042" errors="0">
  <testcase name="Case_003_ApplyTaxPageUiCheck" time="40.285" classname="com.young.appiumcombat.testcases.ios.taxguide.IOS_TaxGuidePage_001_UiCheck_test"/>
  <testcase name="Case_006_TaxAuthenticationUiCheck" time="40.183" classname="com.young.appiumcombat.testcases.ios.taxguide.IOS_TaxGuidePage_001_UiCheck_test"/>
  <testcase name="Case_002_TaxGuidePageUiCheck" time="25.595" classname="com.young.appiumcombat.testcases.ios.taxguide.IOS_TaxGuidePage_001_UiCheck_test"/>
  <testcase name="Case_005_InvoiceManagementUiCheck" time="40.182" classname="com.young.appiumcombat.testcases.ios.taxguide.IOS_TaxGuidePage_001_UiCheck_test"/>
  <testcase name="Case_004_RegisterTaxUiCheck" time="40.075" classname="com.young.appiumcombat.testcases.ios.taxguide.IOS_TaxGuidePage_001_UiCheck_test"/>
  <testcase name="Case_008_ProveManagerUiCheck" time="40.179" classname="com.young.appiumcombat.testcases.ios.taxguide.IOS_TaxGuidePage_001_UiCheck_test"/>
  <testcase name="Case_007_DiscountRecordUiCheck" time="39.922" classname="com.young.appiumcombat.testcases.ios.taxguide.IOS_TaxGuidePage_001_UiCheck_test">
    <failure type="java.lang.AssertionError">
      <![CDATA[java.lang.AssertionError
	at com.young.appiumcombat.testcases.ios.taxguide.IOS_TaxGuidePage_001_UiCheck_test.Case_007_DiscountRecordUiCheck(IOS_TaxGuidePage_001_UiCheck_test.java:82)
	at sun.reflect.NativeMethodAccessorImpl.invoke0(Native Method)
	at sun.reflect.NativeMethodAccessorImpl.invoke(NativeMethodAccessorImpl.java:62)
	at sun.reflect.DelegatingMethodAccessorImpl.invoke(DelegatingMethodAccessorImpl.java:43)
	at java.lang.reflect.Method.invoke(Method.java:498)
	at org.testng.internal.MethodInvocationHelper.invokeMethod(MethodInvocationHelper.java:86)
	at org.testng.internal.Invoker.invokeMethod(Invoker.java:643)
	at org.testng.internal.Invoker.invokeTestMethod(Invoker.java:820)
	at org.testng.internal.Invoker.invokeTestMethods(Invoker.java:1128)
	at org.testng.internal.TestMethodWorker.invokeTestMethods(TestMethodWorker.java:129)
	at org.testng.internal.TestMethodWorker.run(TestMethodWorker.java:112)
	at org.testng.TestRunner.privateRun(TestRunner.java:782)
	at org.testng.TestRunner.run(TestRunner.java:632)
	at org.testng.SuiteRunner.runTest(SuiteRunner.java:366)
	at org.testng.SuiteRunner.access$000(SuiteRunner.java:39)
	at org.testng.SuiteRunner$SuiteWorker.run(SuiteRunner.java:400)
	at org.testng.internal.thread.ThreadUtil$2.call(ThreadUtil.java:64)
	at java.util.concurrent.FutureTask.run(FutureTask.java:266)
	at java.util.concurrent.ThreadPoolExecutor.runWorker(ThreadPoolExecutor.java:1142)
	at java.util.concurrent.ThreadPoolExecutor$Worker.run(ThreadPoolExecutor.java:617)
	at java.lang.Thread.run(Thread.java:745)
]]>
    </failure>
  </testcase> <!-- Case_007_DiscountRecordUiCheck -->
  <testcase name="Case_001_intoTaxGuide" time="13.621" classname="com.young.appiumcombat.testcases.ios.taxguide.IOS_TaxGuidePage_001_UiCheck_test"/>
</testsuite> <!-- com.young.appiumcombat.testcases.ios.taxguide.IOS_TaxGuidePage_001_UiCheck_test -->
