<html>
<head>
<title>TestNG:  电子发票</title>
<link href="../testng.css" rel="stylesheet" type="text/css" />
<link href="../my-testng.css" rel="stylesheet" type="text/css" />

<style type="text/css">
.log { display: none;} 
.stack-trace { display: none;} 
</style>
<script type="text/javascript">
<!--
function flip(e) {
  current = e.style.display;
  if (current == 'block') {
    e.style.display = 'none';
    return 0;
  }
  else {
    e.style.display = 'block';
    return 1;
  }
}

function toggleBox(szDivId, elem, msg1, msg2)
{
  var res = -1;  if (document.getElementById) {
    res = flip(document.getElementById(szDivId));
  }
  else if (document.all) {
    // this is the way old msie versions work
    res = flip(document.all[szDivId]);
  }
  if(elem) {
    if(res == 0) elem.innerHTML = msg1; else elem.innerHTML = msg2;
  }

}

function toggleAllBoxes() {
  if (document.getElementsByTagName) {
    d = document.getElementsByTagName('div');
    for (i = 0; i < d.length; i++) {
      if (d[i].className == 'log') {
        flip(d[i]);
      }
    }
  }
}

// -->
</script>

</head>
<body>
<h2 align='center'>电子发票</h2><table border='1' align="center">
<tr>
<td>Tests passed/Failed/Skipped:</td><td>2/2/0</td>
</tr><tr>
<td>Started on:</td><td>Fri Jun 02 18:07:19 CST 2017</td>
</tr>
<tr><td>Total time:</td><td>145 seconds (145834 ms)</td>
</tr><tr>
<td>Included groups:</td><td></td>
</tr><tr>
<td>Excluded groups:</td><td></td>
</tr>
</table><p/>
<small><i>(Hover the method name to see the test class name)</i></small><p/>
<table width='100%' border='1' class='invocation-failed'>
<tr><td colspan='4' align='center'><b>FAILED TESTS</b></td></tr>
<tr><td><b>Test method</b></td>
<td width="30%"><b>Exception</b></td>
<td width="10%"><b>Time (seconds)</b></td>
<td><b>Instance</b></td>
</tr>
<tr>
<td title='com.young.appiumcombat.testcases.android.electronicinvoice.Android_EletronicInvoicePage_001_UiCheck_Test.Case_002_EletronicInvoicePageUiCheck()'><b>Case_002_EletronicInvoicePageUiCheck</b><br>Test class: com.young.appiumcombat.testcases.android.electronicinvoice.Android_EletronicInvoicePage_001_UiCheck_Test</td>
<td><div><pre>java.lang.AssertionError
	at com.young.appiumcombat.testcases.android.electronicinvoice.Android_EletronicInvoicePage_001_UiCheck_Test.Case_002_EletronicInvoicePageUiCheck(Android_EletronicInvoicePage_001_UiCheck_Test.java:27)
	at java.util.concurrent.FutureTask.run(FutureTask.java:266)
	at java.util.concurrent.ThreadPoolExecutor.runWorker(ThreadPoolExecutor.java:1142)
	at java.util.concurrent.ThreadPoolExecutor$Worker.run(ThreadPoolExecutor.java:617)
	at java.lang.Thread.run(Thread.java:745)
... Removed 16 stack frames</pre></div><a href='#' onClick='toggleBox("stack-trace592710472", this, "Click to show all stack frames", "Click to hide stack frames")'>Click to show all stack frames</a>
<div class='stack-trace' id='stack-trace592710472'><pre>java.lang.AssertionError
	at com.young.appiumcombat.testcases.android.electronicinvoice.Android_EletronicInvoicePage_001_UiCheck_Test.Case_002_EletronicInvoicePageUiCheck(Android_EletronicInvoicePage_001_UiCheck_Test.java:27)
	at sun.reflect.NativeMethodAccessorImpl.invoke0(Native Method)
	at sun.reflect.NativeMethodAccessorImpl.invoke(NativeMethodAccessorImpl.java:62)
	at sun.reflect.DelegatingMethodAccessorImpl.invoke(DelegatingMethodAccessorImpl.java:43)
	at java.lang.reflect.Method.invoke(Method.java:498)
	at org.testng.internal.MethodInvocationHelper.invokeMethod(MethodInvocationHelper.java:86)
	at org.testng.internal.Invoker.invokeMethod(Invoker.java:643)
	at org.testng.internal.Invoker.invokeTestMethod(Invoker.java:820)
	at org.testng.internal.Invoker.invokeTestMethods(Invoker.java:1128)
	at org.testng.internal.TestMethodWorker.invokeTestMethods(TestMethodWorker.java:129)
	at org.testng.internal.TestMethodWorker.run(TestMethodWorker.java:112)
	at org.testng.TestRunner.privateRun(TestRunner.java:782)
	at org.testng.TestRunner.run(TestRunner.java:632)
	at org.testng.SuiteRunner.runTest(SuiteRunner.java:366)
	at org.testng.SuiteRunner.access$000(SuiteRunner.java:39)
	at org.testng.SuiteRunner$SuiteWorker.run(SuiteRunner.java:400)
	at org.testng.internal.thread.ThreadUtil$2.call(ThreadUtil.java:64)
	at java.util.concurrent.FutureTask.run(FutureTask.java:266)
	at java.util.concurrent.ThreadPoolExecutor.runWorker(ThreadPoolExecutor.java:1142)
	at java.util.concurrent.ThreadPoolExecutor$Worker.run(ThreadPoolExecutor.java:617)
	at java.lang.Thread.run(Thread.java:745)
</pre></div></td>
<td>46</td>
<td>com.young.appiumcombat.testcases.android.electronicinvoice.Android_EletronicInvoicePage_001_UiCheck_Test@56aac163</td></tr>
<tr>
<td title='com.young.appiumcombat.testcases.android.electronicinvoice.Android_EletronicInvoicePage_001_UiCheck_Test.Case_005_BackToHomePage()'><b>Case_005_BackToHomePage</b><br>Test class: com.young.appiumcombat.testcases.android.electronicinvoice.Android_EletronicInvoicePage_001_UiCheck_Test</td>
<td><div><pre>java.lang.AssertionError: 点击元素：AccessibilityId:back失败
	at com.young.appiumcombat.utils.AppiumUtil.click(AppiumUtil.java:187)
	at com.young.appiumcombat.pages.android.Android_ElectronicInvoice.backToHomePage(Android_ElectronicInvoice.java:150)
	at com.young.appiumcombat.testcases.android.electronicinvoice.Android_EletronicInvoicePage_001_UiCheck_Test.Case_005_BackToHomePage(Android_EletronicInvoicePage_001_UiCheck_Test.java:44)
	at java.util.concurrent.FutureTask.run(FutureTask.java:266)
	at java.util.concurrent.ThreadPoolExecutor.runWorker(ThreadPoolExecutor.java:1142)
	at java.util.concurrent.ThreadPoolExecutor$Worker.run(ThreadPoolExecutor.java:617)
	at java.lang.Thread.run(Thread.java:745)
Caused by: org.openqa.selenium.NoSuchElementException: An element could not be located on the page using the given search parameters. (WARNING: The server did not provide any stacktrace information)
Command duration or timeout: 10.11 seconds
For documentation on this error, please visit: http://seleniumhq.org/exceptions/no_such_element.html
Build info: version: &apos;2.53.0&apos;, revision: &apos;35ae25b1534ae328c771e0856c93e187490ca824&apos;, time: &apos;2016-03-15 10:43:46&apos;
System info: host: &apos;liangdeMacBook-Pro.local&apos;, ip: &apos;192.168.1.53&apos;, os.name: &apos;Mac OS X&apos;, os.arch: &apos;x86_64&apos;, os.version: &apos;10.12.4&apos;, java.version: &apos;1.8.0_101&apos;
Driver info: io.appium.java_client.android.AndroidDriver
Capabilities [{app=/工作/EclipseWorkSpace/appiumcombat/res/app/android/app-online-release.apk, appPackage=com.ysyc.itaxer, networkConnectionEnabled=true, warnings={}, databaseEnabled=false, deviceName=CEKF7DHM7PSKS8Q4, platform=LINUX, appActivity=com.ysyc.itaxer.ui.FlashActivity, desired={app=/工作/EclipseWorkSpace/appiumcombat/res/app/android/app-online-release.apk, appPackage=com.ysyc.itaxer, appActivity=com.ysyc.itaxer.ui.FlashActivity, nativeInstrumentsLib=true, platformVersion=5.0.2, automationName=Appium, sessionOverride=true, unicodeKeyboard=true, platformName=Android, deviceName=samsung, resetKeyboard=true}, nativeInstrumentsLib=true, platformVersion=4.4.4, webStorageEnabled=false, locationContextEnabled=false, automationName=Appium, takesScreenshot=true, javascriptEnabled=true, sessionOverride=true, unicodeKeyboard=true, platformName=Android, resetKeyboard=true}]
Session ID: c2141c61-1aad-4f9b-9dd2-9803de41514e
*** Element info: {Using=accessibility id, value=back}
	at org.openqa.selenium.remote.ErrorHandler.createThrowable(ErrorHandler.java:206)
	at org.openqa.selenium.remote.ErrorHandler.throwIfResponseFailed(ErrorHandler.java:158)
	at org.openqa.selenium.remote.RemoteWebDriver.execute(RemoteWebDriver.java:678)
	at io.appium.java_client.DefaultGenericMobileDriver.execute(DefaultGenericMobileDriver.java:43)
	at io.appium.java_client.AppiumDriver.execute(AppiumDriver.java:1)
	at io.appium.java_client.android.AndroidDriver.execute(AndroidDriver.java:1)
	at org.openqa.selenium.remote.RemoteWebDriver.findElement(RemoteWebDriver.java:363)
	at io.appium.java_client.DefaultGenericMobileDriver.findElementByAccessibilityId(DefaultGenericMobileDriver.java:140)
	at io.appium.java_client.AppiumDriver.findElementByAccessibilityId(AppiumDriver.java:1)
	at io.appium.java_client.android.AndroidDriver.findElementByAccessibilityId(AndroidDriver.java:1)
	at com.young.appiumcombat.utils.AppiumUtil.findElement(AppiumUtil.java:197)
	at com.young.appiumcombat.utils.AppiumUtil.click(AppiumUtil.java:183)
	... 22 more
... Removed 21 stack frames</pre></div><a href='#' onClick='toggleBox("stack-trace440810482", this, "Click to show all stack frames", "Click to hide stack frames")'>Click to show all stack frames</a>
<div class='stack-trace' id='stack-trace440810482'><pre>java.lang.AssertionError: 点击元素：AccessibilityId:back失败
	at org.testng.Assert.fail(Assert.java:83)
	at com.young.appiumcombat.utils.AppiumUtil.click(AppiumUtil.java:187)
	at com.young.appiumcombat.pages.android.Android_ElectronicInvoice.backToHomePage(Android_ElectronicInvoice.java:150)
	at com.young.appiumcombat.testcases.android.electronicinvoice.Android_EletronicInvoicePage_001_UiCheck_Test.Case_005_BackToHomePage(Android_EletronicInvoicePage_001_UiCheck_Test.java:44)
	at sun.reflect.NativeMethodAccessorImpl.invoke0(Native Method)
	at sun.reflect.NativeMethodAccessorImpl.invoke(NativeMethodAccessorImpl.java:62)
	at sun.reflect.DelegatingMethodAccessorImpl.invoke(DelegatingMethodAccessorImpl.java:43)
	at java.lang.reflect.Method.invoke(Method.java:498)
	at org.testng.internal.MethodInvocationHelper.invokeMethod(MethodInvocationHelper.java:86)
	at org.testng.internal.Invoker.invokeMethod(Invoker.java:643)
	at org.testng.internal.Invoker.invokeTestMethod(Invoker.java:820)
	at org.testng.internal.Invoker.invokeTestMethods(Invoker.java:1128)
	at org.testng.internal.TestMethodWorker.invokeTestMethods(TestMethodWorker.java:129)
	at org.testng.internal.TestMethodWorker.run(TestMethodWorker.java:112)
	at org.testng.TestRunner.privateRun(TestRunner.java:782)
	at org.testng.TestRunner.run(TestRunner.java:632)
	at org.testng.SuiteRunner.runTest(SuiteRunner.java:366)
	at org.testng.SuiteRunner.access$000(SuiteRunner.java:39)
	at org.testng.SuiteRunner$SuiteWorker.run(SuiteRunner.java:400)
	at org.testng.internal.thread.ThreadUtil$2.call(ThreadUtil.java:64)
	at java.util.concurrent.FutureTask.run(FutureTask.java:266)
	at java.util.concurrent.ThreadPoolExecutor.runWorker(ThreadPoolExecutor.java:1142)
	at java.util.concurrent.ThreadPoolExecutor$Worker.run(ThreadPoolExecutor.java:617)
	at java.lang.Thread.run(Thread.java:745)
Caused by: org.openqa.selenium.NoSuchElementException: An element could not be located on the page using the given search parameters. (WARNING: The server did not provide any stacktrace information)
Command duration or timeout: 10.11 seconds
For documentation on this error, please visit: http://seleniumhq.org/exceptions/no_such_element.html
Build info: version: &apos;2.53.0&apos;, revision: &apos;35ae25b1534ae328c771e0856c93e187490ca824&apos;, time: &apos;2016-03-15 10:43:46&apos;
System info: host: &apos;liangdeMacBook-Pro.local&apos;, ip: &apos;192.168.1.53&apos;, os.name: &apos;Mac OS X&apos;, os.arch: &apos;x86_64&apos;, os.version: &apos;10.12.4&apos;, java.version: &apos;1.8.0_101&apos;
Driver info: io.appium.java_client.android.AndroidDriver
Capabilities [{app=/工作/EclipseWorkSpace/appiumcombat/res/app/android/app-online-release.apk, appPackage=com.ysyc.itaxer, networkConnectionEnabled=true, warnings={}, databaseEnabled=false, deviceName=CEKF7DHM7PSKS8Q4, platform=LINUX, appActivity=com.ysyc.itaxer.ui.FlashActivity, desired={app=/工作/EclipseWorkSpace/appiumcombat/res/app/android/app-online-release.apk, appPackage=com.ysyc.itaxer, appActivity=com.ysyc.itaxer.ui.FlashActivity, nativeInstrumentsLib=true, platformVersion=5.0.2, automationName=Appium, sessionOverride=true, unicodeKeyboard=true, platformName=Android, deviceName=samsung, resetKeyboard=true}, nativeInstrumentsLib=true, platformVersion=4.4.4, webStorageEnabled=false, locationContextEnabled=false, automationName=Appium, takesScreenshot=true, javascriptEnabled=true, sessionOverride=true, unicodeKeyboard=true, platformName=Android, resetKeyboard=true}]
Session ID: c2141c61-1aad-4f9b-9dd2-9803de41514e
*** Element info: {Using=accessibility id, value=back}
	at sun.reflect.NativeConstructorAccessorImpl.newInstance0(Native Method)
	at sun.reflect.NativeConstructorAccessorImpl.newInstance(NativeConstructorAccessorImpl.java:62)
	at sun.reflect.DelegatingConstructorAccessorImpl.newInstance(DelegatingConstructorAccessorImpl.java:45)
	at java.lang.reflect.Constructor.newInstance(Constructor.java:423)
	at org.openqa.selenium.remote.ErrorHandler.createThrowable(ErrorHandler.java:206)
	at org.openqa.selenium.remote.ErrorHandler.throwIfResponseFailed(ErrorHandler.java:158)
	at org.openqa.selenium.remote.RemoteWebDriver.execute(RemoteWebDriver.java:678)
	at io.appium.java_client.DefaultGenericMobileDriver.execute(DefaultGenericMobileDriver.java:43)
	at io.appium.java_client.AppiumDriver.execute(AppiumDriver.java:1)
	at io.appium.java_client.android.AndroidDriver.execute(AndroidDriver.java:1)
	at org.openqa.selenium.remote.RemoteWebDriver.findElement(RemoteWebDriver.java:363)
	at io.appium.java_client.DefaultGenericMobileDriver.findElementByAccessibilityId(DefaultGenericMobileDriver.java:140)
	at io.appium.java_client.AppiumDriver.findElementByAccessibilityId(AppiumDriver.java:1)
	at io.appium.java_client.android.AndroidDriver.findElementByAccessibilityId(AndroidDriver.java:1)
	at com.young.appiumcombat.utils.AppiumUtil.findElement(AppiumUtil.java:197)
	at com.young.appiumcombat.utils.AppiumUtil.click(AppiumUtil.java:183)
	... 22 more
</pre></div></td>
<td>12</td>
<td>com.young.appiumcombat.testcases.android.electronicinvoice.Android_EletronicInvoicePage_001_UiCheck_Test@56aac163</td></tr>
</table><p>
<table width='100%' border='1' class='invocation-passed'>
<tr><td colspan='4' align='center'><b>PASSED TESTS</b></td></tr>
<tr><td><b>Test method</b></td>
<td width="30%"><b>Exception</b></td>
<td width="10%"><b>Time (seconds)</b></td>
<td><b>Instance</b></td>
</tr>
<tr>
<td title='com.young.appiumcombat.testcases.android.electronicinvoice.Android_EletronicInvoicePage_001_UiCheck_Test.Case_001_intoEletronicInvoicePage()'><b>Case_001_intoEletronicInvoicePage</b><br>Test class: com.young.appiumcombat.testcases.android.electronicinvoice.Android_EletronicInvoicePage_001_UiCheck_Test</td>
<td></td>
<td>5</td>
<td>com.young.appiumcombat.testcases.android.electronicinvoice.Android_EletronicInvoicePage_001_UiCheck_Test@56aac163</td></tr>
<tr>
<td title='com.young.appiumcombat.testcases.android.electronicinvoice.Android_EletronicInvoicePage_001_UiCheck_Test.Case_003_EnableElectronicInvoice()'><b>Case_003_EnableElectronicInvoice</b><br>Test class: com.young.appiumcombat.testcases.android.electronicinvoice.Android_EletronicInvoicePage_001_UiCheck_Test</td>
<td></td>
<td>81</td>
<td>com.young.appiumcombat.testcases.android.electronicinvoice.Android_EletronicInvoicePage_001_UiCheck_Test@56aac163</td></tr>
</table><p>
</body>
</html>